MediaSelect/build/intermediates/manifest_merge_blame_file/debug/manifest-merger-blame-debug-report.txt
1<?xml version="1.0" encoding="utf-8"?>
2<manifest xmlns:android="http://schemas.android.com/apk/res/android"
3    xmlns:tools="http://schemas.android.com/tools"
4    package="com.nightrain.mediaselect"
5    android:versionCode="1"
6    android:versionName="1.0" >
7
8    <uses-sdk
9        android:minSdkVersion="21"
9-->src\main\AndroidManifest.xml
10        android:targetSdkVersion="30" />
10-->src\main\AndroidManifest.xml
11
12    <application>
12-->src\main\AndroidManifest.xml:6:5-26:19
13        <activity android:name="com.nightrain.mediaselect.ui.AudioSelectActivity" />
13-->src\main\AndroidManifest.xml:7:9-69
13-->src\main\AndroidManifest.xml:7:19-57
14        <activity
14-->src\main\AndroidManifest.xml:8:9-13:56
15            android:name="com.nightrain.mediaselect.ui.VideoSelectActivity"
15-->src\main\AndroidManifest.xml:9:13-51
16            android:configChanges="orientation|screenSize|keyboard|keyboardHidden|uiMode"
16-->src\main\AndroidManifest.xml:10:13-90
17            android:screenOrientation="portrait"
17-->src\main\AndroidManifest.xml:11:13-49
18            android:windowSoftInputMode="stateHidden|stateUnchanged"
18-->src\main\AndroidManifest.xml:12:13-69
19            tools:ignore="LockedOrientationActivity" />
19-->src\main\AndroidManifest.xml:13:13-53
20        <activity
20-->src\main\AndroidManifest.xml:14:9-19:56
21            android:name="com.nightrain.mediaselect.ui.GIFSelectActivity"
21-->src\main\AndroidManifest.xml:15:13-49
22            android:configChanges="orientation|screenSize|keyboard|keyboardHidden|uiMode"
22-->src\main\AndroidManifest.xml:16:13-90
23            android:screenOrientation="portrait"
23-->src\main\AndroidManifest.xml:17:13-49
24            android:windowSoftInputMode="stateHidden|stateUnchanged"
24-->src\main\AndroidManifest.xml:18:13-69
25            tools:ignore="LockedOrientationActivity" />
25-->src\main\AndroidManifest.xml:19:13-53
26        <activity
26-->src\main\AndroidManifest.xml:20:9-25:56
27            android:name="com.nightrain.mediaselect.ui.PictureSelectActivity"
27-->src\main\AndroidManifest.xml:21:13-53
28            android:configChanges="orientation|screenSize|keyboard|keyboardHidden|uiMode"
28-->src\main\AndroidManifest.xml:22:13-90
29            android:screenOrientation="portrait"
29-->src\main\AndroidManifest.xml:23:13-49
30            android:windowSoftInputMode="stateHidden|stateUnchanged"
30-->src\main\AndroidManifest.xml:24:13-69
31            tools:ignore="LockedOrientationActivity" />
31-->src\main\AndroidManifest.xml:25:13-53
32    </application>
33
34</manifest>